<?xml version="1.0" encoding="UTF-8"?>
<testng-results skipped="0" failed="0" ignored="0" total="2" passed="2">
  <reporter-output>
  </reporter-output>
  <suite name="Flight Booking Suite" duration-ms="53252" started-at="2019-09-04T01:56:00Z" finished-at="2019-09-04T01:56:53Z">
    <groups>
    </groups>
    <test name="FlightBooking2" duration-ms="51953" started-at="2019-09-04T01:56:00Z" finished-at="2019-09-04T01:56:52Z">
      <class name="com.testingfoo.tests.SignUpTest">
        <test-method status="PASS" signature="setUpTest(java.lang.String)[pri:0, instance:com.testingfoo.tests.SignUpTest@69c79f09]" name="setUpTest" is-config="true" duration-ms="16182" started-at="2019-09-04T01:56:00Z" finished-at="2019-09-04T01:56:16Z">
          <params>
            <param index="0">
              <value>
                <![CDATA[ff]]>
              </value>
            </param>
          </params>
          <reporter-output>
          </reporter-output>
        </test-method> <!-- setUpTest -->
        <test-method status="PASS" signature="test()[pri:0, instance:com.testingfoo.tests.SignUpTest@69c79f09]" name="test" duration-ms="30983" started-at="2019-09-04T01:56:18Z" finished-at="2019-09-04T01:56:49Z">
          <reporter-output>
          </reporter-output>
        </test-method> <!-- test -->
        <test-method status="PASS" signature="tearDown()[pri:0, instance:com.testingfoo.tests.SignUpTest@69c79f09]" name="tearDown" is-config="true" duration-ms="3316" started-at="2019-09-04T01:56:49Z" finished-at="2019-09-04T01:56:52Z">
          <reporter-output>
          </reporter-output>
        </test-method> <!-- tearDown -->
      </class> <!-- com.testingfoo.tests.SignUpTest -->
    </test> <!-- FlightBooking2 -->
    <test name="FlightBooking" duration-ms="53252" started-at="2019-09-04T01:56:00Z" finished-at="2019-09-04T01:56:53Z">
      <class name="com.testingfoo.tests.SignUpTest">
        <test-method status="PASS" signature="setUpTest(java.lang.String)[pri:0, instance:com.testingfoo.tests.SignUpTest@625e134e]" name="setUpTest" is-config="true" duration-ms="24130" started-at="2019-09-04T01:56:00Z" finished-at="2019-09-04T01:56:24Z">
          <params>
            <param index="0">
              <value>
                <![CDATA[chrome]]>
              </value>
            </param>
          </params>
          <reporter-output>
          </reporter-output>
        </test-method> <!-- setUpTest -->
        <test-method status="PASS" signature="test()[pri:0, instance:com.testingfoo.tests.SignUpTest@625e134e]" name="test" duration-ms="28757" started-at="2019-09-04T01:56:24Z" finished-at="2019-09-04T01:56:53Z">
          <reporter-output>
          </reporter-output>
        </test-method> <!-- test -->
        <test-method status="PASS" signature="tearDown()[pri:0, instance:com.testingfoo.tests.SignUpTest@625e134e]" name="tearDown" is-config="true" duration-ms="197" started-at="2019-09-04T01:56:53Z" finished-at="2019-09-04T01:56:53Z">
          <reporter-output>
          </reporter-output>
        </test-method> <!-- tearDown -->
      </class> <!-- com.testingfoo.tests.SignUpTest -->
    </test> <!-- FlightBooking -->
  </suite> <!-- Flight Booking Suite -->
</testng-results>
